 컴컴컴컴컴컴컴컴컴컴컴컴컴컴컴컴컴컴컴컴컴컴컴컴컴컴컴컴컴컴컴컴컴컴컴컴컴컴 
  EMPRESA :           OMEGA CATROGRAFIA DIGITAL S.L.                           
                                                                               
  Domicilio :        M Urdax  n 19 - 1 D                                    
                                                                               
  N Inscripci줻 Seg. Social :                                                 
 컴컴컴컴컴컴컴컴컴컴컴컴컴컴컴컴컴컴컴컴컴컴컴컴컴컴컴컴컴컴컴컴컴컴컴컴컴컴 
  Productor :                                                                  
  Categoria :                                                                  
  N Afiliaci줻 S.S :                        G Tarifa :                       
  N Matricula :          Alta :                                               
  Periodo Liquidado :                     Total D죂s :                         
 컴 컴컴컴컴컴컴컴컴컴컴컴컴컴컴컴컴컴컴컴컴컴컴컴컴컴컴컴컴컴컴컴컴컴컴컴컴 
  C                                                                            
  O   Salario Base :  __________________________________________               
  M                                                                            
  P   Plus Convenio :  _________________________________________               
  U                                                                            
  T   Compl. Pers. Vol. Absor. : _______________________________               
  A                                                                            
  B   Nocturnidad :   __________________________________________               
  L                                                                            
  E   Plus Actividad :     _____________________________________               
                                                                               
  S   Extra :   ________________________________________________               
  S                                                                            
 컴 컴컴컴컴컴컴컴컴컴컴컴컴컴컴컴컴컴컴컴컴컴컴컴컴컴컴컴컴컴 컴컴컴컴컴컴컴 
  COMPUTABLE REGIMEN GENERAL SEGURIDAD SOCIAL                                  
 컴컴컴컴컴컴컴컴컴컴컴컴컴컴컴컴컴컴컴컴컴컴컴컴컴컴컴컴컴컴컴 컴컴컴컴컴컴컴 
                                                                               
                                                                               
                                                                               
                                                                               
                                                                               
                                                                               
                                                                               
                                                                               
                                                                               
                                                                               
 컴 컴컴컴컴컴컴컴컴컴컴컴컴컴컴컴컴컴컴컴컴컴컴컴컴컴컴컴컴컴컴컴컴컴컴컴컴 
  D                                                                            
  E                                                                            
  D   Prorratas Pagas Extraordinarias   _______________________                
  U                                                                            
  C                                                                            
  C   Contingencias Comunes              al         %   _______                
  I                                                                            
  O   Desempleo                          al         %   _______                
  N                                                                            
  E   I.R.P.F.                           al         %   _______                
  S                                                                            
 컴 컴컴컴컴컴컴컴컴컴컴컴컴컴컴컴컴컴컴컴컴컴컴컴컴컴컴컴컴컴 컴컴컴컴컴컴컴 
   TOTAL DEDUCCIONES                                                           
 袴袴袴袴袴袴袴袴袴袴袴袴袴袴袴袴袴袴袴袴袴袴袴袴袴袴袴袴袴袴袴 袴袴袴袴袴袴袴 
   TOTAL A PERCIBIR          cargado en cuenta                                 
 컴컴컴컴컴컴컴컴컴컴컴컴컴컴컴컴컴컴컴컴컴컴컴컴컴컴컴컴컴컴컴 컴컴컴컴컴컴컴 
                                                                               
    Firma y sello de la Empresa               Fecha de Pago                    
                                                                               
                                              Recib :                         
